
*** Running vivado
    with args -log gravity.vds -m64 -product Vivado -mode batch -messageDb vivado.pb -notrace -source gravity.tcl


****** Vivado v2021.2 (64-bit)
  **** SW Build 3367213 on Tue Oct 19 02:47:39 MDT 2021
  **** IP Build 3369179 on Thu Oct 21 08:25:16 MDT 2021
    ** Copyright 1986-2021 Xilinx, Inc. All Rights Reserved.

source gravity.tcl -notrace
Command: read_checkpoint -auto_incremental -incremental /home/m3/meto_ws/FPGA_projects/VGA_Gravity_project/VGA_Gravity_project.srcs/utils_1/imports/synth_1/gravity.dcp
INFO: [Vivado 12-5825] Read reference checkpoint from /home/m3/meto_ws/FPGA_projects/VGA_Gravity_project/VGA_Gravity_project.srcs/utils_1/imports/synth_1/gravity.dcp for incremental synthesis
INFO: [Vivado 12-7989] Please ensure there are no constraint changes
Command: synth_design -top gravity -part xc7a35tcpg236-1
Starting synth_design
Attempting to get a license for feature 'Synthesis' and/or device 'xc7a35t'
INFO: [Common 17-349] Got license for feature 'Synthesis' and/or device 'xc7a35t'
INFO: [Device 21-403] Loading part xc7a35tcpg236-1
WARNING: [Designutils 20-4072] Reference run did not run incremental synthesis because the design is too small; reverting to default synthesis
INFO: [Designutils 20-4379] Flow is switching to default flow due to incremental criteria not met. If you would like to alter this behaviour and have the flow terminate instead, please set the following parameter config_implementation {autoIncr.Synth.RejectBehavior Terminate}
INFO: [Synth 8-7079] Multithreading enabled for synth_design using a maximum of 4 processes.
INFO: [Synth 8-7078] Launching helper process for spawning children vivado processes
INFO: [Synth 8-7075] Helper process launched with PID 377687
---------------------------------------------------------------------------------
Starting RTL Elaboration : Time (s): cpu = 00:00:03 ; elapsed = 00:00:03 . Memory (MB): peak = 2595.062 ; gain = 0.000 ; free physical = 631 ; free virtual = 8853
---------------------------------------------------------------------------------
INFO: [Synth 8-638] synthesizing module 'gravity' [/home/m3/meto_ws/FPGA_projects/VGA_Gravity_project/VGA_Gravity_project.srcs/sources_1/new/gravity.vhd:46]
INFO: [Synth 8-3491] module 'debouncer' declared at '/home/m3/meto_ws/FPGA_projects/VGA_Gravity_project/VGA_Gravity_project.srcs/sources_1/imports/new/debouncer.vhd:8' bound to instance 'debounce_spawn_button' of component 'debouncer' [/home/m3/meto_ws/FPGA_projects/VGA_Gravity_project/VGA_Gravity_project.srcs/sources_1/new/gravity.vhd:94]
INFO: [Synth 8-638] synthesizing module 'debouncer' [/home/m3/meto_ws/FPGA_projects/VGA_Gravity_project/VGA_Gravity_project.srcs/sources_1/imports/new/debouncer.vhd:20]
INFO: [Synth 8-256] done synthesizing module 'debouncer' (1#1) [/home/m3/meto_ws/FPGA_projects/VGA_Gravity_project/VGA_Gravity_project.srcs/sources_1/imports/new/debouncer.vhd:20]
INFO: [Synth 8-3491] module 'VGA_driver' declared at '/home/m3/meto_ws/FPGA_projects/VGA_Gravity_project/VGA_Gravity_project.srcs/sources_1/new/VGA_driver.vhd:23' bound to instance 'DISPLAY' of component 'VGA_driver' [/home/m3/meto_ws/FPGA_projects/VGA_Gravity_project/VGA_Gravity_project.srcs/sources_1/new/gravity.vhd:158]
INFO: [Synth 8-638] synthesizing module 'VGA_driver' [/home/m3/meto_ws/FPGA_projects/VGA_Gravity_project/VGA_Gravity_project.srcs/sources_1/new/VGA_driver.vhd:38]
INFO: [Synth 8-256] done synthesizing module 'VGA_driver' (2#1) [/home/m3/meto_ws/FPGA_projects/VGA_Gravity_project/VGA_Gravity_project.srcs/sources_1/new/VGA_driver.vhd:38]
WARNING: [Synth 8-6014] Unused sequential element seed1_reg was removed.  [/home/m3/meto_ws/FPGA_projects/VGA_Gravity_project/VGA_Gravity_project.srcs/sources_1/new/gravity.vhd:142]
WARNING: [Synth 8-6014] Unused sequential element seed2_reg was removed.  [/home/m3/meto_ws/FPGA_projects/VGA_Gravity_project/VGA_Gravity_project.srcs/sources_1/new/gravity.vhd:143]
WARNING: [Synth 8-6014] Unused sequential element n1_reg was removed.  [/home/m3/meto_ws/FPGA_projects/VGA_Gravity_project/VGA_Gravity_project.srcs/sources_1/new/gravity.vhd:145]
WARNING: [Synth 8-6014] Unused sequential element n2_reg was removed.  [/home/m3/meto_ws/FPGA_projects/VGA_Gravity_project/VGA_Gravity_project.srcs/sources_1/new/gravity.vhd:146]
INFO: [Synth 8-256] done synthesizing module 'gravity' (3#1) [/home/m3/meto_ws/FPGA_projects/VGA_Gravity_project/VGA_Gravity_project.srcs/sources_1/new/gravity.vhd:46]
---------------------------------------------------------------------------------
Finished RTL Elaboration : Time (s): cpu = 00:00:04 ; elapsed = 00:00:04 . Memory (MB): peak = 2595.062 ; gain = 0.000 ; free physical = 449 ; free virtual = 8668
---------------------------------------------------------------------------------
---------------------------------------------------------------------------------
Start Handling Custom Attributes
---------------------------------------------------------------------------------
---------------------------------------------------------------------------------
Finished Handling Custom Attributes : Time (s): cpu = 00:00:05 ; elapsed = 00:00:05 . Memory (MB): peak = 2595.062 ; gain = 0.000 ; free physical = 1312 ; free virtual = 9531
---------------------------------------------------------------------------------
---------------------------------------------------------------------------------
Finished RTL Optimization Phase 1 : Time (s): cpu = 00:00:05 ; elapsed = 00:00:05 . Memory (MB): peak = 2595.062 ; gain = 0.000 ; free physical = 1312 ; free virtual = 9531
---------------------------------------------------------------------------------
Netlist sorting complete. Time (s): cpu = 00:00:00.01 ; elapsed = 00:00:00.01 . Memory (MB): peak = 2595.062 ; gain = 0.000 ; free physical = 1305 ; free virtual = 9524
INFO: [Project 1-570] Preparing netlist for logic optimization

Processing XDC Constraints
Initializing timing engine
Parsing XDC File [/home/m3/meto_ws/FPGA_projects/VGA_Gravity_project/VGA_Gravity_project.srcs/constrs_1/new/gravity_cons.xdc]
Finished Parsing XDC File [/home/m3/meto_ws/FPGA_projects/VGA_Gravity_project/VGA_Gravity_project.srcs/constrs_1/new/gravity_cons.xdc]
INFO: [Project 1-236] Implementation specific constraints were found while reading constraint file [/home/m3/meto_ws/FPGA_projects/VGA_Gravity_project/VGA_Gravity_project.srcs/constrs_1/new/gravity_cons.xdc]. These constraints will be ignored for synthesis but will be used in implementation. Impacted constraints are listed in the file [.Xil/gravity_propImpl.xdc].
Resolution: To avoid this warning, move constraints listed in [.Xil/gravity_propImpl.xdc] to another XDC file and exclude this new file from synthesis with the used_in_synthesis property (File Properties dialog in GUI) and re-run elaboration/synthesis.
Completed Processing XDC Constraints

Netlist sorting complete. Time (s): cpu = 00:00:00 ; elapsed = 00:00:00 . Memory (MB): peak = 2658.801 ; gain = 0.000 ; free physical = 1282 ; free virtual = 9501
INFO: [Project 1-111] Unisim Transformation Summary:
No Unisim elements were transformed.

Constraint Validation Runtime : Time (s): cpu = 00:00:00 ; elapsed = 00:00:00.01 . Memory (MB): peak = 2658.801 ; gain = 0.000 ; free physical = 1282 ; free virtual = 9501
WARNING: [Designutils 20-4072] Reference run did not run incremental synthesis because the design is too small; reverting to default synthesis
INFO: [Designutils 20-4379] Flow is switching to default flow due to incremental criteria not met. If you would like to alter this behaviour and have the flow terminate instead, please set the following parameter config_implementation {autoIncr.Synth.RejectBehavior Terminate}
---------------------------------------------------------------------------------
Finished Constraint Validation : Time (s): cpu = 00:00:09 ; elapsed = 00:00:10 . Memory (MB): peak = 2658.801 ; gain = 63.738 ; free physical = 1359 ; free virtual = 9578
---------------------------------------------------------------------------------
---------------------------------------------------------------------------------
Start Loading Part and Timing Information
---------------------------------------------------------------------------------
Loading part: xc7a35tcpg236-1
---------------------------------------------------------------------------------
Finished Loading Part and Timing Information : Time (s): cpu = 00:00:09 ; elapsed = 00:00:10 . Memory (MB): peak = 2658.801 ; gain = 63.738 ; free physical = 1359 ; free virtual = 9578
---------------------------------------------------------------------------------
---------------------------------------------------------------------------------
Start Applying 'set_property' XDC Constraints
---------------------------------------------------------------------------------
---------------------------------------------------------------------------------
Finished applying 'set_property' XDC Constraints : Time (s): cpu = 00:00:09 ; elapsed = 00:00:10 . Memory (MB): peak = 2658.801 ; gain = 63.738 ; free physical = 1359 ; free virtual = 9578
---------------------------------------------------------------------------------
---------------------------------------------------------------------------------
Finished RTL Optimization Phase 2 : Time (s): cpu = 00:00:10 ; elapsed = 00:00:11 . Memory (MB): peak = 2658.801 ; gain = 63.738 ; free physical = 1349 ; free virtual = 9569
---------------------------------------------------------------------------------
---------------------------------------------------------------------------------
Start RTL Component Statistics 
---------------------------------------------------------------------------------
Detailed RTL Component Info : 
+---Adders : 
	   2 Input   32 Bit       Adders := 7     
+---XORs : 
	   2 Input      1 Bit         XORs := 1     
+---Registers : 
	               32 Bit    Registers := 5     
	                3 Bit    Registers := 2     
	                2 Bit    Registers := 1     
	                1 Bit    Registers := 7     
+---Muxes : 
	   2 Input   32 Bit        Muxes := 4     
	   4 Input   32 Bit        Muxes := 1     
	   2 Input    9 Bit        Muxes := 1     
	   2 Input    8 Bit        Muxes := 1     
	   2 Input    3 Bit        Muxes := 2     
	   2 Input    1 Bit        Muxes := 1     
---------------------------------------------------------------------------------
Finished RTL Component Statistics 
---------------------------------------------------------------------------------
---------------------------------------------------------------------------------
Start Part Resource Summary
---------------------------------------------------------------------------------
Part Resources:
DSPs: 90 (col length:60)
BRAMs: 100 (col length: RAMB18 60 RAMB36 30)
---------------------------------------------------------------------------------
Finished Part Resource Summary
---------------------------------------------------------------------------------
---------------------------------------------------------------------------------
Start Cross Boundary and Area Optimization
---------------------------------------------------------------------------------
WARNING: [Synth 8-7080] Parallel synthesis criteria is not met
---------------------------------------------------------------------------------
Finished Cross Boundary and Area Optimization : Time (s): cpu = 00:00:12 ; elapsed = 00:00:13 . Memory (MB): peak = 2658.801 ; gain = 63.738 ; free physical = 1332 ; free virtual = 9557
---------------------------------------------------------------------------------
---------------------------------------------------------------------------------
Start Applying XDC Timing Constraints
---------------------------------------------------------------------------------
---------------------------------------------------------------------------------
Finished Applying XDC Timing Constraints : Time (s): cpu = 00:00:17 ; elapsed = 00:00:17 . Memory (MB): peak = 2658.801 ; gain = 63.738 ; free physical = 1212 ; free virtual = 9437
---------------------------------------------------------------------------------
---------------------------------------------------------------------------------
Start Timing Optimization
---------------------------------------------------------------------------------
---------------------------------------------------------------------------------
Finished Timing Optimization : Time (s): cpu = 00:00:17 ; elapsed = 00:00:18 . Memory (MB): peak = 2658.801 ; gain = 63.738 ; free physical = 1209 ; free virtual = 9434
---------------------------------------------------------------------------------
---------------------------------------------------------------------------------
Start Technology Mapping
---------------------------------------------------------------------------------
---------------------------------------------------------------------------------
Finished Technology Mapping : Time (s): cpu = 00:00:17 ; elapsed = 00:00:18 . Memory (MB): peak = 2658.801 ; gain = 63.738 ; free physical = 1209 ; free virtual = 9434
---------------------------------------------------------------------------------
---------------------------------------------------------------------------------
Start IO Insertion
---------------------------------------------------------------------------------
---------------------------------------------------------------------------------
Start Flattening Before IO Insertion
---------------------------------------------------------------------------------
---------------------------------------------------------------------------------
Finished Flattening Before IO Insertion
---------------------------------------------------------------------------------
---------------------------------------------------------------------------------
Start Final Netlist Cleanup
---------------------------------------------------------------------------------
---------------------------------------------------------------------------------
Finished Final Netlist Cleanup
---------------------------------------------------------------------------------
---------------------------------------------------------------------------------
Finished IO Insertion : Time (s): cpu = 00:00:21 ; elapsed = 00:00:22 . Memory (MB): peak = 2658.801 ; gain = 63.738 ; free physical = 1210 ; free virtual = 9435
---------------------------------------------------------------------------------
---------------------------------------------------------------------------------
Start Renaming Generated Instances
---------------------------------------------------------------------------------
---------------------------------------------------------------------------------
Finished Renaming Generated Instances : Time (s): cpu = 00:00:21 ; elapsed = 00:00:22 . Memory (MB): peak = 2658.801 ; gain = 63.738 ; free physical = 1210 ; free virtual = 9435
---------------------------------------------------------------------------------
---------------------------------------------------------------------------------
Start Rebuilding User Hierarchy
---------------------------------------------------------------------------------
---------------------------------------------------------------------------------
Finished Rebuilding User Hierarchy : Time (s): cpu = 00:00:21 ; elapsed = 00:00:22 . Memory (MB): peak = 2658.801 ; gain = 63.738 ; free physical = 1210 ; free virtual = 9434
---------------------------------------------------------------------------------
---------------------------------------------------------------------------------
Start Renaming Generated Ports
---------------------------------------------------------------------------------
---------------------------------------------------------------------------------
Finished Renaming Generated Ports : Time (s): cpu = 00:00:21 ; elapsed = 00:00:22 . Memory (MB): peak = 2658.801 ; gain = 63.738 ; free physical = 1210 ; free virtual = 9434
---------------------------------------------------------------------------------
---------------------------------------------------------------------------------
Start Handling Custom Attributes
---------------------------------------------------------------------------------
---------------------------------------------------------------------------------
Finished Handling Custom Attributes : Time (s): cpu = 00:00:21 ; elapsed = 00:00:22 . Memory (MB): peak = 2658.801 ; gain = 63.738 ; free physical = 1210 ; free virtual = 9434
---------------------------------------------------------------------------------
---------------------------------------------------------------------------------
Start Renaming Generated Nets
---------------------------------------------------------------------------------
---------------------------------------------------------------------------------
Finished Renaming Generated Nets : Time (s): cpu = 00:00:21 ; elapsed = 00:00:22 . Memory (MB): peak = 2658.801 ; gain = 63.738 ; free physical = 1210 ; free virtual = 9434
---------------------------------------------------------------------------------
---------------------------------------------------------------------------------
Start Writing Synthesis Report
---------------------------------------------------------------------------------

Report BlackBoxes: 
+-+--------------+----------+
| |BlackBox name |Instances |
+-+--------------+----------+
+-+--------------+----------+

Report Cell Usage: 
+------+-------+------+
|      |Cell   |Count |
+------+-------+------+
|1     |BUFG   |     3|
|2     |CARRY4 |   104|
|3     |LUT1   |    14|
|4     |LUT2   |   234|
|5     |LUT3   |     4|
|6     |LUT4   |    80|
|7     |LUT5   |    71|
|8     |LUT6   |    11|
|9     |FDCE   |    69|
|10    |FDPE   |     1|
|11    |FDRE   |   133|
|12    |FDSE   |     4|
|13    |IBUF   |     6|
|14    |OBUF   |     8|
+------+-------+------+
---------------------------------------------------------------------------------
Finished Writing Synthesis Report : Time (s): cpu = 00:00:21 ; elapsed = 00:00:22 . Memory (MB): peak = 2658.801 ; gain = 63.738 ; free physical = 1210 ; free virtual = 9434
---------------------------------------------------------------------------------
Synthesis finished with 0 errors, 0 critical warnings and 1 warnings.
Synthesis Optimization Runtime : Time (s): cpu = 00:00:20 ; elapsed = 00:00:21 . Memory (MB): peak = 2658.801 ; gain = 0.000 ; free physical = 1261 ; free virtual = 9486
Synthesis Optimization Complete : Time (s): cpu = 00:00:21 ; elapsed = 00:00:22 . Memory (MB): peak = 2658.801 ; gain = 63.738 ; free physical = 1261 ; free virtual = 9486
INFO: [Project 1-571] Translating synthesized netlist
Netlist sorting complete. Time (s): cpu = 00:00:05 ; elapsed = 00:00:00 . Memory (MB): peak = 2658.801 ; gain = 0.000 ; free physical = 1348 ; free virtual = 9572
INFO: [Netlist 29-17] Analyzing 104 Unisim elements for replacement
INFO: [Netlist 29-28] Unisim Transformation completed in 0 CPU seconds
INFO: [Project 1-570] Preparing netlist for logic optimization
INFO: [Opt 31-138] Pushed 0 inverter(s) to 0 load pin(s).
Netlist sorting complete. Time (s): cpu = 00:00:00 ; elapsed = 00:00:00 . Memory (MB): peak = 2658.801 ; gain = 0.000 ; free physical = 1289 ; free virtual = 9514
INFO: [Project 1-111] Unisim Transformation Summary:
No Unisim elements were transformed.

Synth Design complete, checksum: 37042218
INFO: [Common 17-83] Releasing license: Synthesis
27 Infos, 7 Warnings, 0 Critical Warnings and 0 Errors encountered.
synth_design completed successfully
synth_design: Time (s): cpu = 00:00:30 ; elapsed = 00:00:26 . Memory (MB): peak = 2658.801 ; gain = 64.031 ; free physical = 1489 ; free virtual = 9714
INFO: [Common 17-1381] The checkpoint '/home/m3/meto_ws/FPGA_projects/VGA_Gravity_project/VGA_Gravity_project.runs/synth_1/gravity.dcp' has been generated.
INFO: [runtcl-4] Executing : report_utilization -file gravity_utilization_synth.rpt -pb gravity_utilization_synth.pb
INFO: [Common 17-206] Exiting Vivado at Thu Dec 23 19:26:54 2021...
